# JRE version: OpenJDK Runtime Environment Temurin-21.0.5+11 (21.0.5+11) (build 21.0.5+11-LTS)
# Java VM: OpenJDK 64-Bit Server VM Temurin-21.0.5+11 (21.0.5+11-LTS, mixed mode, sharing, tiered, compressed oops, compressed class ptrs, parallel gc, windows-amd64)
GC Precious Log:
 CardTable entry size: 512
 CPUs: 4 total, 4 available
 Memory: 3947M
 Large Page Support: Disabled
 NUMA Support: Disabled
 Compressed Oops: Enabled (32-bit)
 Alignments: Space 512K, Generation 512K, Heap 2M
 Heap Min Capacity: 100M
 Heap Initial Capacity: 100M
 Heap Max Capacity: 1G
 Pre-touch: Disabled
 Parallel Workers: 4
Heap:
 PSYoungGen      total 24576K, used 7474K [0x00000000eab00000, 0x00000000ec680000, 0x0000000100000000)
  eden space 22016K, 23% used [0x00000000eab00000,0x00000000eb012508,0x00000000ec080000)
  from space 2560K, 89% used [0x00000000ec080000,0x00000000ec2ba490,0x00000000ec300000)
  to   space 3072K, 0% used [0x00000000ec380000,0x00000000ec380000,0x00000000ec680000)
 ParOldGen       total 68608K, used 30944K [0x00000000c0000000, 0x00000000c4300000, 0x00000000eab00000)
  object space 68608K, 45% used [0x00000000c0000000,0x00000000c1e381b0,0x00000000c4300000)
 Metaspace       used 48858K, committed 50112K, reserved 1114112K
  class space    used 5179K, committed 5696K, reserved 1048576K
GC Heap History (20 events):
Event: 17.657 GC heap before
{Heap before GC invocations=13 (full 1):
 PSYoungGen      total 24064K, used 23908K [0x00000000eab00000, 0x00000000ec780000, 0x0000000100000000)
  eden space 22528K, 100% used [0x00000000eab00000,0x00000000ec100000,0x00000000ec100000)
  from space 1536K, 89% used [0x00000000ec480000,0x00000000ec5d9278,0x00000000ec600000)
  to   space 1536K, 0% used [0x00000000ec600000,0x00000000ec600000,0x00000000ec780000)
 ParOldGen       total 68608K, used 15689K [0x00000000c0000000, 0x00000000c4300000, 0x00000000eab00000)
  object space 68608K, 22% used [0x00000000c0000000,0x00000000c0f52658,0x00000000c4300000)
 Metaspace       used 33215K, committed 34368K, reserved 1114112K
  class space    used 3330K, committed 3840K, reserved 1048576K
}
Event: 17.661 GC heap after
{Heap after GC invocations=13 (full 1):
 PSYoungGen      total 23040K, used 1005K [0x00000000eab00000, 0x00000000ec700000, 0x0000000100000000)
  eden space 22016K, 0% used [0x00000000eab00000,0x00000000eab00000,0x00000000ec080000)
  from space 1024K, 98% used [0x00000000ec600000,0x00000000ec6fb500,0x00000000ec700000)
  to   space 1536K, 0% used [0x00000000ec400000,0x00000000ec400000,0x00000000ec580000)
 ParOldGen       total 68608K, used 16869K [0x00000000c0000000, 0x00000000c4300000, 0x00000000eab00000)
  object space 68608K, 24% used [0x00000000c0000000,0x00000000c1079458,0x00000000c4300000)
 Metaspace       used 33215K, committed 34368K, reserved 1114112K
  class space    used 3330K, committed 3840K, reserved 1048576K
}
Event: 17.841 GC heap before
{Heap before GC invocations=14 (full 1):
 PSYoungGen      total 23040K, used 16265K [0x00000000eab00000, 0x00000000ec700000, 0x0000000100000000)
  eden space 22016K, 69% used [0x00000000eab00000,0x00000000eb9e7048,0x00000000ec080000)
  from space 1024K, 98% used [0x00000000ec600000,0x00000000ec6fb500,0x00000000ec700000)
  to   space 1536K, 0% used [0x00000000ec400000,0x00000000ec400000,0x00000000ec580000)
 ParOldGen       total 68608K, used 16869K [0x00000000c0000000, 0x00000000c4300000, 0x00000000eab00000)
  object space 68608K, 24% used [0x00000000c0000000,0x00000000c1079458,0x00000000c4300000)
 Metaspace       used 34669K, committed 35840K, reserved 1114112K
  class space    used 3496K, committed 3968K, reserved 1048576K
}
Event: 17.844 GC heap after
{Heap after GC invocations=14 (full 1):
 PSYoungGen      total 23552K, used 928K [0x00000000eab00000, 0x00000000ec680000, 0x0000000100000000)
  eden space 22016K, 0% used [0x00000000eab00000,0x00000000eab00000,0x00000000ec080000)
  from space 1536K, 60% used [0x00000000ec400000,0x00000000ec4e81f0,0x00000000ec580000)
  to   space 1024K, 0% used [0x00000000ec580000,0x00000000ec580000,0x00000000ec680000)
 ParOldGen       total 68608K, used 17736K [0x00000000c0000000, 0x00000000c4300000, 0x00000000eab00000)
  object space 68608K, 25% used [0x00000000c0000000,0x00000000c11521c0,0x00000000c4300000)
 Metaspace       used 34669K, committed 35840K, reserved 1114112K
  class space    used 3496K, committed 3968K, reserved 1048576K
}
Event: 17.845 GC heap before
{Heap before GC invocations=15 (full 2):
 PSYoungGen      total 23552K, used 928K [0x00000000eab00000, 0x00000000ec680000, 0x0000000100000000)
  eden space 22016K, 0% used [0x00000000eab00000,0x00000000eab00000,0x00000000ec080000)
  from space 1536K, 60% used [0x00000000ec400000,0x00000000ec4e81f0,0x00000000ec580000)
  to   space 1024K, 0% used [0x00000000ec580000,0x00000000ec580000,0x00000000ec680000)
 ParOldGen       total 68608K, used 17736K [0x00000000c0000000, 0x00000000c4300000, 0x00000000eab00000)
  object space 68608K, 25% used [0x00000000c0000000,0x00000000c11521c0,0x00000000c4300000)
 Metaspace       used 34669K, committed 35840K, reserved 1114112K
  class space    used 3496K, committed 3968K, reserved 1048576K
}
Event: 17.896 GC heap after
{Heap after GC invocations=15 (full 2):
 PSYoungGen      total 23552K, used 0K [0x00000000eab00000, 0x00000000ec680000, 0x0000000100000000)
  eden space 22016K, 0% used [0x00000000eab00000,0x00000000eab00000,0x00000000ec080000)
  from space 1536K, 0% used [0x00000000ec400000,0x00000000ec400000,0x00000000ec580000)
  to   space 1024K, 0% used [0x00000000ec580000,0x00000000ec580000,0x00000000ec680000)
 ParOldGen       total 68608K, used 18041K [0x00000000c0000000, 0x00000000c4300000, 0x00000000eab00000)
  object space 68608K, 26% used [0x00000000c0000000,0x00000000c119e4d8,0x00000000c4300000)
 Metaspace       used 34669K, committed 35840K, reserved 1114112K
  class space    used 3496K, committed 3968K, reserved 1048576K
}
Event: 18.494 GC heap before
{Heap before GC invocations=16 (full 2):
 PSYoungGen      total 23552K, used 22016K [0x00000000eab00000, 0x00000000ec680000, 0x0000000100000000)
  eden space 22016K, 100% used [0x00000000eab00000,0x00000000ec080000,0x00000000ec080000)
  from space 1536K, 0% used [0x00000000ec400000,0x00000000ec400000,0x00000000ec580000)
  to   space 1024K, 0% used [0x00000000ec580000,0x00000000ec580000,0x00000000ec680000)
 ParOldGen       total 68608K, used 18041K [0x00000000c0000000, 0x00000000c4300000, 0x00000000eab00000)
  object space 68608K, 26% used [0x00000000c0000000,0x00000000c119e4d8,0x00000000c4300000)
 Metaspace       used 37286K, committed 38528K, reserved 1114112K
  class space    used 3836K, committed 4352K, reserved 1048576K
}
Event: 18.497 GC heap after
{Heap after GC invocations=16 (full 2):
 PSYoungGen      total 23040K, used 976K [0x00000000eab00000, 0x00000000ec680000, 0x0000000100000000)
  eden space 22016K, 0% used [0x00000000eab00000,0x00000000eab00000,0x00000000ec080000)
  from space 1024K, 95% used [0x00000000ec580000,0x00000000ec674010,0x00000000ec680000)
  to   space 1024K, 0% used [0x00000000ec480000,0x00000000ec480000,0x00000000ec580000)
 ParOldGen       total 68608K, used 18049K [0x00000000c0000000, 0x00000000c4300000, 0x00000000eab00000)
  object space 68608K, 26% used [0x00000000c0000000,0x00000000c11a04d8,0x00000000c4300000)
 Metaspace       used 37286K, committed 38528K, reserved 1114112K
  class space    used 3836K, committed 4352K, reserved 1048576K
}
Event: 19.016 GC heap before
{Heap before GC invocations=17 (full 2):
 PSYoungGen      total 23040K, used 22992K [0x00000000eab00000, 0x00000000ec680000, 0x0000000100000000)
  eden space 22016K, 100% used [0x00000000eab00000,0x00000000ec080000,0x00000000ec080000)
  from space 1024K, 95% used [0x00000000ec580000,0x00000000ec674010,0x00000000ec680000)
  to   space 1024K, 0% used [0x00000000ec480000,0x00000000ec480000,0x00000000ec580000)
 ParOldGen       total 68608K, used 18049K [0x00000000c0000000, 0x00000000c4300000, 0x00000000eab00000)
  object space 68608K, 26% used [0x00000000c0000000,0x00000000c11a04d8,0x00000000c4300000)
 Metaspace       used 39935K, committed 41088K, reserved 1114112K
  class space    used 4146K, committed 4608K, reserved 1048576K
}
Event: 19.021 GC heap after
{Heap after GC invocations=17 (full 2):
 PSYoungGen      total 23040K, used 1024K [0x00000000eab00000, 0x00000000ec780000, 0x0000000100000000)
  eden space 22016K, 0% used [0x00000000eab00000,0x00000000eab00000,0x00000000ec080000)
  from space 1024K, 100% used [0x00000000ec480000,0x00000000ec580000,0x00000000ec580000)
  to   space 2048K, 0% used [0x00000000ec580000,0x00000000ec580000,0x00000000ec780000)
 ParOldGen       total 68608K, used 19854K [0x00000000c0000000, 0x00000000c4300000, 0x00000000eab00000)
  object space 68608K, 28% used [0x00000000c0000000,0x00000000c1363920,0x00000000c4300000)
 Metaspace       used 39935K, committed 41088K, reserved 1114112K
  class space    used 4146K, committed 4608K, reserved 1048576K
}
Event: 20.928 GC heap before
{Heap before GC invocations=18 (full 2):
 PSYoungGen      total 23040K, used 23040K [0x00000000eab00000, 0x00000000ec780000, 0x0000000100000000)
  eden space 22016K, 100% used [0x00000000eab00000,0x00000000ec080000,0x00000000ec080000)
  from space 1024K, 100% used [0x00000000ec480000,0x00000000ec580000,0x00000000ec580000)
  to   space 2048K, 0% used [0x00000000ec580000,0x00000000ec580000,0x00000000ec780000)
 ParOldGen       total 68608K, used 19854K [0x00000000c0000000, 0x00000000c4300000, 0x00000000eab00000)
  object space 68608K, 28% used [0x00000000c0000000,0x00000000c1363920,0x00000000c4300000)
 Metaspace       used 42655K, committed 43776K, reserved 1114112K
  class space    used 4481K, committed 4928K, reserved 1048576K
}
Event: 20.933 GC heap after
{Heap after GC invocations=18 (full 2):
 PSYoungGen      total 24064K, used 1556K [0x00000000eab00000, 0x00000000ec780000, 0x0000000100000000)
  eden space 22016K, 0% used [0x00000000eab00000,0x00000000eab00000,0x00000000ec080000)
  from space 2048K, 75% used [0x00000000ec580000,0x00000000ec7050d0,0x00000000ec780000)
  to   space 2048K, 0% used [0x00000000ec380000,0x00000000ec380000,0x00000000ec580000)
 ParOldGen       total 68608K, used 20812K [0x00000000c0000000, 0x00000000c4300000, 0x00000000eab00000)
  object space 68608K, 30% used [0x00000000c0000000,0x00000000c1453360,0x00000000c4300000)
 Metaspace       used 42655K, committed 43776K, reserved 1114112K
  class space    used 4481K, committed 4928K, reserved 1048576K
}
Event: 22.401 GC heap before
{Heap before GC invocations=19 (full 2):
 PSYoungGen      total 24064K, used 23570K [0x00000000eab00000, 0x00000000ec780000, 0x0000000100000000)
  eden space 22016K, 99% used [0x00000000eab00000,0x00000000ec07fa70,0x00000000ec080000)
  from space 2048K, 75% used [0x00000000ec580000,0x00000000ec7050d0,0x00000000ec780000)
  to   space 2048K, 0% used [0x00000000ec380000,0x00000000ec380000,0x00000000ec580000)
 ParOldGen       total 68608K, used 20812K [0x00000000c0000000, 0x00000000c4300000, 0x00000000eab00000)
  object space 68608K, 30% used [0x00000000c0000000,0x00000000c1453360,0x00000000c4300000)
 Metaspace       used 44997K, committed 46208K, reserved 1114112K
  class space    used 4756K, committed 5312K, reserved 1048576K
}
Event: 22.406 GC heap after
{Heap after GC invocations=19 (full 2):
 PSYoungGen      total 24064K, used 1691K [0x00000000eab00000, 0x00000000ec600000, 0x0000000100000000)
  eden space 22016K, 0% used [0x00000000eab00000,0x00000000eab00000,0x00000000ec080000)
  from space 2048K, 82% used [0x00000000ec380000,0x00000000ec526c08,0x00000000ec580000)
  to   space 512K, 0% used [0x00000000ec580000,0x00000000ec580000,0x00000000ec600000)
 ParOldGen       total 68608K, used 22183K [0x00000000c0000000, 0x00000000c4300000, 0x00000000eab00000)
  object space 68608K, 32% used [0x00000000c0000000,0x00000000c15a9de0,0x00000000c4300000)
 Metaspace       used 44997K, committed 46208K, reserved 1114112K
  class space    used 4756K, committed 5312K, reserved 1048576K
}
Event: 27.711 GC heap before
{Heap before GC invocations=20 (full 2):
 PSYoungGen      total 24064K, used 23690K [0x00000000eab00000, 0x00000000ec600000, 0x0000000100000000)
  eden space 22016K, 99% used [0x00000000eab00000,0x00000000ec07be50,0x00000000ec080000)
  from space 2048K, 82% used [0x00000000ec380000,0x00000000ec526c08,0x00000000ec580000)
  to   space 512K, 0% used [0x00000000ec580000,0x00000000ec580000,0x00000000ec600000)
 ParOldGen       total 68608K, used 22183K [0x00000000c0000000, 0x00000000c4300000, 0x00000000eab00000)
  object space 68608K, 32% used [0x00000000c0000000,0x00000000c15a9de0,0x00000000c4300000)
 Metaspace       used 46606K, committed 47808K, reserved 1114112K
  class space    used 4951K, committed 5504K, reserved 1048576K
}
Event: 27.718 GC heap after
{Heap after GC invocations=20 (full 2):
 PSYoungGen      total 22528K, used 502K [0x00000000eab00000, 0x00000000ec880000, 0x0000000100000000)
  eden space 22016K, 0% used [0x00000000eab00000,0x00000000eab00000,0x00000000ec080000)
  from space 512K, 98% used [0x00000000ec580000,0x00000000ec5fd910,0x00000000ec600000)
  to   space 4096K, 0% used [0x00000000ec080000,0x00000000ec080000,0x00000000ec480000)
 ParOldGen       total 68608K, used 25090K [0x00000000c0000000, 0x00000000c4300000, 0x00000000eab00000)
  object space 68608K, 36% used [0x00000000c0000000,0x00000000c1880808,0x00000000c4300000)
 Metaspace       used 46606K, committed 47808K, reserved 1114112K
  class space    used 4951K, committed 5504K, reserved 1048576K
}
Event: 28.835 GC heap before
{Heap before GC invocations=21 (full 2):
 PSYoungGen      total 22528K, used 22518K [0x00000000eab00000, 0x00000000ec880000, 0x0000000100000000)
  eden space 22016K, 100% used [0x00000000eab00000,0x00000000ec080000,0x00000000ec080000)
  from space 512K, 98% used [0x00000000ec580000,0x00000000ec5fd910,0x00000000ec600000)
  to   space 4096K, 0% used [0x00000000ec080000,0x00000000ec080000,0x00000000ec480000)
 ParOldGen       total 68608K, used 25090K [0x00000000c0000000, 0x00000000c4300000, 0x00000000eab00000)
  object space 68608K, 36% used [0x00000000c0000000,0x00000000c1880808,0x00000000c4300000)
 Metaspace       used 47101K, committed 48256K, reserved 1114112K
  class space    used 4997K, committed 5504K, reserved 1048576K
}
Event: 28.838 GC heap after
{Heap after GC invocations=21 (full 2):
 PSYoungGen      total 23552K, used 1246K [0x00000000eab00000, 0x00000000ec600000, 0x0000000100000000)
  eden space 22016K, 0% used [0x00000000eab00000,0x00000000eab00000,0x00000000ec080000)
  from space 1536K, 81% used [0x00000000ec080000,0x00000000ec1b7a80,0x00000000ec200000)
  to   space 2048K, 0% used [0x00000000ec400000,0x00000000ec400000,0x00000000ec600000)
 ParOldGen       total 68608K, used 25569K [0x00000000c0000000, 0x00000000c4300000, 0x00000000eab00000)
  object space 68608K, 37% used [0x00000000c0000000,0x00000000c18f8698,0x00000000c4300000)
 Metaspace       used 47101K, committed 48256K, reserved 1114112K
  class space    used 4997K, committed 5504K, reserved 1048576K
}
Event: 33.137 GC heap before
{Heap before GC invocations=22 (full 2):
 PSYoungGen      total 23552K, used 23262K [0x00000000eab00000, 0x00000000ec600000, 0x0000000100000000)
  eden space 22016K, 100% used [0x00000000eab00000,0x00000000ec080000,0x00000000ec080000)
  from space 1536K, 81% used [0x00000000ec080000,0x00000000ec1b7a80,0x00000000ec200000)
  to   space 2048K, 0% used [0x00000000ec400000,0x00000000ec400000,0x00000000ec600000)
 ParOldGen       total 68608K, used 25569K [0x00000000c0000000, 0x00000000c4300000, 0x00000000eab00000)
  object space 68608K, 37% used [0x00000000c0000000,0x00000000c18f8698,0x00000000c4300000)
 Metaspace       used 48478K, committed 49728K, reserved 1114112K
  class space    used 5135K, committed 5632K, reserved 1048576K
}
Event: 33.143 GC heap after
{Heap after GC invocations=22 (full 2):
 PSYoungGen      total 24064K, used 2030K [0x00000000eab00000, 0x00000000ec780000, 0x0000000100000000)
  eden space 22016K, 0% used [0x00000000eab00000,0x00000000eab00000,0x00000000ec080000)
  from space 2048K, 99% used [0x00000000ec400000,0x00000000ec5fb9d0,0x00000000ec600000)
  to   space 3584K, 0% used [0x00000000ec080000,0x00000000ec080000,0x00000000ec400000)
 ParOldGen       total 68608K, used 26741K [0x00000000c0000000, 0x00000000c4300000, 0x00000000eab00000)
  object space 68608K, 38% used [0x00000000c0000000,0x00000000c1a1d510,0x00000000c4300000)
 Metaspace       used 48478K, committed 49728K, reserved 1114112K
  class space    used 5135K, committed 5632K, reserved 1048576K
}

